<?xml version="1.0" encoding="UTF-8"?>
<!-- Generated by org.testng.reporters.JUnitXMLReporter -->
<testsuite ignored="0" hostname="fosasoft" failures="0" tests="10" name="Default test" time="21.152" errors="0" timestamp="2025-10-26T12:16:06 IST">
  <testcase classname="apiautomation.allapis" name="testAddNewUser" time="5.863"/>
  <testcase classname="apiautomation.allapis" name="testGetUserProfile" time="1.54"/>
  <testcase classname="apiautomation.allapis" name="testUpdateUser" time="1.494"/>
  <testcase classname="apiautomation.allapis" name="testLoginUser" time="1.399"/>
  <testcase classname="apiautomation.allapis" name="testAddContact" time="1.477"/>
  <testcase classname="apiautomation.allapis" name="testGetContactList" time="1.365"/>
  <testcase classname="apiautomation.allapis" name="testGetContact" time="1.874"/>
  <testcase classname="apiautomation.allapis" name="testUpdateFullContact" time="1.68"/>
  <testcase classname="apiautomation.allapis" name="testUpdatePartialContact" time="1.577"/>
  <testcase classname="apiautomation.allapis" name="testLogoutUser" time="1.741"/>
</testsuite> <!-- Default test -->
