<?xml version="1.0" encoding="UTF-8"?>
<testng-results ignored="0" total="10" passed="10" failed="0" skipped="0">
  <reporter-output>
  </reporter-output>
  <suite started-at="2025-10-26T12:15:45 IST" name="Default suite" finished-at="2025-10-26T12:16:06 IST" duration-ms="21152">
    <groups>
    </groups>
    <test started-at="2025-10-26T12:15:45 IST" name="Default test" finished-at="2025-10-26T12:16:06 IST" duration-ms="21152">
      <class name="apiautomation.allapis">
        <test-method is-config="true" signature="setupExtent()[pri:0, instance:apiautomation.allapis@408d971b]" started-at="2025-10-26T12:15:44 IST" name="setupExtent" finished-at="2025-10-26T12:15:45 IST" duration-ms="1043" status="PASS">
          <reporter-output>
          </reporter-output>
        </test-method> <!-- setupExtent -->
        <test-method is-config="true" signature="setup()[pri:0, instance:apiautomation.allapis@408d971b]" started-at="2025-10-26T12:15:45 IST" name="setup" finished-at="2025-10-26T12:15:46 IST" duration-ms="1041" status="PASS">
          <reporter-output>
          </reporter-output>
        </test-method> <!-- setup -->
        <test-method signature="testAddNewUser()[pri:1, instance:apiautomation.allapis@408d971b]" started-at="2025-10-26T12:15:46 IST" name="testAddNewUser" description="Registers a new unique user." finished-at="2025-10-26T12:15:52 IST" duration-ms="5863" status="PASS">
          <reporter-output>
          </reporter-output>
        </test-method> <!-- testAddNewUser -->
        <test-method signature="testGetUserProfile()[pri:2, instance:apiautomation.allapis@408d971b]" started-at="2025-10-26T12:15:52 IST" name="testGetUserProfile" description="Retrieves the newly created user&#039;s profile." finished-at="2025-10-26T12:15:53 IST" duration-ms="1540" status="PASS">
          <reporter-output>
          </reporter-output>
        </test-method> <!-- testGetUserProfile -->
        <test-method signature="testUpdateUser()[pri:3, instance:apiautomation.allapis@408d971b]" started-at="2025-10-26T12:15:53 IST" name="testUpdateUser" description="Updates user&#039;s details, including email and password." finished-at="2025-10-26T12:15:55 IST" duration-ms="1494" status="PASS">
          <reporter-output>
          </reporter-output>
        </test-method> <!-- testUpdateUser -->
        <test-method signature="testLoginUser()[pri:4, instance:apiautomation.allapis@408d971b]" started-at="2025-10-26T12:15:55 IST" name="testLoginUser" description="Logs in with updated credentials to get a fresh token." finished-at="2025-10-26T12:15:56 IST" duration-ms="1399" status="PASS">
          <reporter-output>
          </reporter-output>
        </test-method> <!-- testLoginUser -->
        <test-method signature="testAddContact()[pri:5, instance:apiautomation.allapis@408d971b]" started-at="2025-10-26T12:15:56 IST" name="testAddContact" description="Adds a new contact for the authenticated user." finished-at="2025-10-26T12:15:58 IST" duration-ms="1477" status="PASS">
          <reporter-output>
          </reporter-output>
        </test-method> <!-- testAddContact -->
        <test-method signature="testGetContactList()[pri:6, instance:apiautomation.allapis@408d971b]" started-at="2025-10-26T12:15:58 IST" name="testGetContactList" description="Verifies the newly added contact is in the list." finished-at="2025-10-26T12:15:59 IST" duration-ms="1365" status="PASS">
          <reporter-output>
          </reporter-output>
        </test-method> <!-- testGetContactList -->
        <test-method signature="testGetContact()[pri:7, instance:apiautomation.allapis@408d971b]" started-at="2025-10-26T12:15:59 IST" name="testGetContact" description="Retrieves a specific contact by ID." finished-at="2025-10-26T12:16:01 IST" duration-ms="1874" status="PASS">
          <reporter-output>
          </reporter-output>
        </test-method> <!-- testGetContact -->
        <test-method signature="testUpdateFullContact()[pri:8, instance:apiautomation.allapis@408d971b]" started-at="2025-10-26T12:16:01 IST" name="testUpdateFullContact" description="Performs a full update (PUT) on the contact." finished-at="2025-10-26T12:16:03 IST" duration-ms="1680" status="PASS">
          <reporter-output>
          </reporter-output>
        </test-method> <!-- testUpdateFullContact -->
        <test-method signature="testUpdatePartialContact()[pri:9, instance:apiautomation.allapis@408d971b]" started-at="2025-10-26T12:16:03 IST" name="testUpdatePartialContact" description="Performs a partial update (PATCH) on the contact&#039;s first name." finished-at="2025-10-26T12:16:04 IST" duration-ms="1577" status="PASS">
          <reporter-output>
          </reporter-output>
        </test-method> <!-- testUpdatePartialContact -->
        <test-method signature="testLogoutUser()[pri:10, instance:apiautomation.allapis@408d971b]" started-at="2025-10-26T12:16:04 IST" name="testLogoutUser" description="Logs out the user and invalidates the token." finished-at="2025-10-26T12:16:06 IST" duration-ms="1741" status="PASS">
          <reporter-output>
          </reporter-output>
        </test-method> <!-- testLogoutUser -->
        <test-method is-config="true" signature="tearDown()[pri:0, instance:apiautomation.allapis@408d971b]" started-at="2025-10-26T12:16:06 IST" name="tearDown" finished-at="2025-10-26T12:16:07 IST" duration-ms="1009" status="PASS">
          <reporter-output>
          </reporter-output>
        </test-method> <!-- tearDown -->
      </class> <!-- apiautomation.allapis -->
    </test> <!-- Default test -->
  </suite> <!-- Default suite -->
</testng-results>
